[2022-07-19 10:33:54,218]^;INFO^;166^;configuration.py^;get_training_pipeline_config()^;Training pipleine config: TrainingPipelineConfig(artifact_dir='C:\\Users\\somit\\Downloads\\project_ineuron\\practise_project_1\\housing\\artifact')
[2022-07-19 10:33:54,218]^;INFO^;65^;configuration.py^;get_data_ingestion_config()^;Data Ingestion config: DataIngestionConfig(dataset_download_url='https://raw.githubusercontent.com/ageron/handson-ml/master/datasets/housing/housing.tgz', tgz_download_dir='C:\\Users\\somit\\Downloads\\project_ineuron\\practise_project_1\\housing\\artifact\\data_ingestion\\2022-07-19-10-33-52\\tgz_data', raw_data_dir='C:\\Users\\somit\\Downloads\\project_ineuron\\practise_project_1\\housing\\artifact\\data_ingestion\\2022-07-19-10-33-52\\raw_data', ingested_train_dir='C:\\Users\\somit\\Downloads\\project_ineuron\\practise_project_1\\housing\\artifact\\data_ingestion\\2022-07-19-10-33-52\\ingested_data\\train', ingested_test_dir='C:\\Users\\somit\\Downloads\\project_ineuron\\practise_project_1\\housing\\artifact\\data_ingestion\\2022-07-19-10-33-52\\ingested_data\\test')
[2022-07-19 10:33:54,273]^;INFO^;17^;data_ingestion.py^;__init__()^;>>>>>>>>>>>>>>>>>>>>>>>>>>>>>>>>>>>>>>>>Data Ingestion log started.<<<<<<<<<<<<<<<<<<<<<<<<<<<<<<<<<<<<<<<< 
[2022-07-19 10:33:54,275]^;INFO^;38^;data_ingestion.py^;download_housing_data()^;Downloading file from :[https://raw.githubusercontent.com/ageron/handson-ml/master/datasets/housing/housing.tgz] into :[C:\Users\somit\Downloads\project_ineuron\practise_project_1\housing\artifact\data_ingestion\2022-07-19-10-33-52\tgz_data\housing.tgz]
[2022-07-19 10:33:54,898]^;INFO^;40^;data_ingestion.py^;download_housing_data()^;File :[C:\Users\somit\Downloads\project_ineuron\practise_project_1\housing\artifact\data_ingestion\2022-07-19-10-33-52\tgz_data\housing.tgz] has been downloaded successfully.
[2022-07-19 10:33:54,900]^;INFO^;54^;data_ingestion.py^;extract_tgz_file()^;Extracting tgz file: [C:\Users\somit\Downloads\project_ineuron\practise_project_1\housing\artifact\data_ingestion\2022-07-19-10-33-52\tgz_data\housing.tgz] into dir: [C:\Users\somit\Downloads\project_ineuron\practise_project_1\housing\artifact\data_ingestion\2022-07-19-10-33-52\raw_data]
[2022-07-19 10:33:54,914]^;INFO^;57^;data_ingestion.py^;extract_tgz_file()^;Extraction completed
[2022-07-19 10:33:54,914]^;INFO^;71^;data_ingestion.py^;split_data_as_train_test()^;Reading csv file: [C:\Users\somit\Downloads\project_ineuron\practise_project_1\housing\artifact\data_ingestion\2022-07-19-10-33-52\raw_data\housing.csv]
[2022-07-19 10:33:54,956]^;INFO^;81^;data_ingestion.py^;split_data_as_train_test()^;Splitting data into train and test
[2022-07-19 10:33:54,975]^;INFO^;99^;data_ingestion.py^;split_data_as_train_test()^;Exporting training datset to file: [C:\Users\somit\Downloads\project_ineuron\practise_project_1\housing\artifact\data_ingestion\2022-07-19-10-33-52\ingested_data\train\housing.csv]
[2022-07-19 10:33:55,138]^;INFO^;104^;data_ingestion.py^;split_data_as_train_test()^;Exporting test dataset to file: [C:\Users\somit\Downloads\project_ineuron\practise_project_1\housing\artifact\data_ingestion\2022-07-19-10-33-52\ingested_data\test\housing.csv]
[2022-07-19 10:33:55,177]^;INFO^;113^;data_ingestion.py^;split_data_as_train_test()^;Data Ingestion artifact:[DataIngestionArtifact(train_file_path='C:\\Users\\somit\\Downloads\\project_ineuron\\practise_project_1\\housing\\artifact\\data_ingestion\\2022-07-19-10-33-52\\ingested_data\\train\\housing.csv', test_file_path='C:\\Users\\somit\\Downloads\\project_ineuron\\practise_project_1\\housing\\artifact\\data_ingestion\\2022-07-19-10-33-52\\ingested_data\\test\\housing.csv', is_ingested=True, message='Data ingestion completed successfully.')]
[2022-07-19 10:33:55,178]^;INFO^;38^;data_ingestion.py^;download_housing_data()^;Downloading file from :[https://raw.githubusercontent.com/ageron/handson-ml/master/datasets/housing/housing.tgz] into :[C:\Users\somit\Downloads\project_ineuron\practise_project_1\housing\artifact\data_ingestion\2022-07-19-10-33-52\tgz_data\housing.tgz]
[2022-07-19 10:33:56,131]^;INFO^;40^;data_ingestion.py^;download_housing_data()^;File :[C:\Users\somit\Downloads\project_ineuron\practise_project_1\housing\artifact\data_ingestion\2022-07-19-10-33-52\tgz_data\housing.tgz] has been downloaded successfully.
[2022-07-19 10:33:56,132]^;INFO^;54^;data_ingestion.py^;extract_tgz_file()^;Extracting tgz file: [C:\Users\somit\Downloads\project_ineuron\practise_project_1\housing\artifact\data_ingestion\2022-07-19-10-33-52\tgz_data\housing.tgz] into dir: [C:\Users\somit\Downloads\project_ineuron\practise_project_1\housing\artifact\data_ingestion\2022-07-19-10-33-52\raw_data]
[2022-07-19 10:33:56,160]^;INFO^;57^;data_ingestion.py^;extract_tgz_file()^;Extraction completed
[2022-07-19 10:33:56,161]^;INFO^;71^;data_ingestion.py^;split_data_as_train_test()^;Reading csv file: [C:\Users\somit\Downloads\project_ineuron\practise_project_1\housing\artifact\data_ingestion\2022-07-19-10-33-52\raw_data\housing.csv]
[2022-07-19 10:33:56,193]^;INFO^;81^;data_ingestion.py^;split_data_as_train_test()^;Splitting data into train and test
[2022-07-19 10:33:56,206]^;INFO^;99^;data_ingestion.py^;split_data_as_train_test()^;Exporting training datset to file: [C:\Users\somit\Downloads\project_ineuron\practise_project_1\housing\artifact\data_ingestion\2022-07-19-10-33-52\ingested_data\train\housing.csv]
[2022-07-19 10:33:56,388]^;INFO^;104^;data_ingestion.py^;split_data_as_train_test()^;Exporting test dataset to file: [C:\Users\somit\Downloads\project_ineuron\practise_project_1\housing\artifact\data_ingestion\2022-07-19-10-33-52\ingested_data\test\housing.csv]
[2022-07-19 10:33:56,425]^;INFO^;113^;data_ingestion.py^;split_data_as_train_test()^;Data Ingestion artifact:[DataIngestionArtifact(train_file_path='C:\\Users\\somit\\Downloads\\project_ineuron\\practise_project_1\\housing\\artifact\\data_ingestion\\2022-07-19-10-33-52\\ingested_data\\train\\housing.csv', test_file_path='C:\\Users\\somit\\Downloads\\project_ineuron\\practise_project_1\\housing\\artifact\\data_ingestion\\2022-07-19-10-33-52\\ingested_data\\test\\housing.csv', is_ingested=True, message='Data ingestion completed successfully.')]
[2022-07-19 10:33:56,425]^;INFO^;130^;data_ingestion.py^;__del__()^;>>>>>>>>>>>>>>>>>>>>>>>>>>>>>>>>>>>>>>>>Data Ingestion log completed.<<<<<<<<<<<<<<<<<<<<<<<<<<<<<<<<<<<<<<<< 


[2022-07-19 10:33:56,426]^;INFO^;20^;data_validation.py^;__init__()^;>>>>>>>>>>>>>>>>>>>>>>>>>>>>>>>>>>>>>>>>>>>>>>>>>>>>>>>>>>>>Data Valdaition log started.<<<<<<<<<<<<<<<<<<<<<<<<<<<<<<<<<<<<<<<<<<<<<<<<<<<<<<<<<<<< 


[2022-07-19 10:33:56,426]^;INFO^;38^;data_validation.py^;is_train_test_file_exists()^;Checking if training and test file is available
[2022-07-19 10:33:56,426]^;INFO^;50^;data_validation.py^;is_train_test_file_exists()^;Is train and test file exists?-> True
[2022-07-19 10:34:04,313]^;INFO^;139^;data_validation.py^;initiate_data_validation()^;Data validation artifact: DataValidationArtifact(schema_file_path='C:\\Users\\somit\\Downloads\\project_ineuron\\practise_project_1\\config\\schema.yaml', report_file_path='C:\\Users\\somit\\Downloads\\project_ineuron\\practise_project_1\\housing\\artifact\\data_validation\\2022-07-19-10-33-52\\report.json', report_page_file_path='C:\\Users\\somit\\Downloads\\project_ineuron\\practise_project_1\\housing\\artifact\\data_validation\\2022-07-19-10-33-52\\report.html', is_validated=True, message='Data Validation performed successully.')
[2022-07-19 10:34:04,313]^;INFO^;146^;data_validation.py^;__del__()^;>>>>>>>>>>>>>>>>>>>>>>>>>>>>>>>>>>>>>>>>>>>>>>>>>>>>>>>>>>>>Data Valdaition log completed.<<<<<<<<<<<<<<<<<<<<<<<<<<<<<<<<<<<<<<<<<<<<<<<<<<<<<<<<<<<< 


[2022-07-19 10:34:04,313]^;INFO^;142^;configuration.py^;get_data_transformation_config()^;Data transformation config: DataTransformationConfig(add_bedroom_per_room=True, transformed_train_dir='C:\\Users\\somit\\Downloads\\project_ineuron\\practise_project_1\\housing\\artifact\\data_transformation\\2022-07-19-10-33-52\\transformed_data\\train', transformed_test_dir='C:\\Users\\somit\\Downloads\\project_ineuron\\practise_project_1\\housing\\artifact\\data_transformation\\2022-07-19-10-33-52\\transformed_data\\test', preprocessed_object_file_path='C:\\Users\\somit\\Downloads\\project_ineuron\\practise_project_1\\housing\\artifact\\data_transformation\\2022-07-19-10-33-52\\preprocessed\\preprocessed.pkl')
[2022-07-19 10:34:04,313]^;INFO^;97^;data_transformation.py^;__init__()^;>>>>>>>>>>>>>>>>>>>>>>>>>>>>>>>>>>>>>>>>>>>>>>>>>>>>>>>>>>>>Data Transformation log started.<<<<<<<<<<<<<<<<<<<<<<<<<<<<<<<<<<<<<<<<<<<<<<<<<<<<<<<<<<<< 
[2022-07-19 10:34:04,313]^;INFO^;150^;data_transformation.py^;initiate_data_transformation()^;Obtaining preprocessing object.
[2022-07-19 10:34:04,328]^;INFO^;134^;data_transformation.py^;get_data_transformer_object()^;Categorical columns: ['ocean_proximity']
[2022-07-19 10:34:04,328]^;INFO^;135^;data_transformation.py^;get_data_transformer_object()^;Numerical columns: ['longitude', 'latitude', 'housing_median_age', 'total_rooms', 'total_bedrooms', 'population', 'households', 'median_income']
[2022-07-19 10:34:04,328]^;INFO^;154^;data_transformation.py^;initiate_data_transformation()^;Obtaining training and test file path.
[2022-07-19 10:34:04,328]^;INFO^;161^;data_transformation.py^;initiate_data_transformation()^;Loading training and test data as pandas dataframe.
[2022-07-19 10:34:04,353]^;ERROR^;25^;demo.py^;main()^;
        Error occured in script: 
        [ C:\Users\somit\Downloads\project_ineuron\practise_project_1\housing\pipeline\pipeline.py ] at 
        try block line number: [68] and exception block line number: [71] 
        error message: [
        Error occured in script: 
        [ C:\Users\somit\Downloads\project_ineuron\practise_project_1\housing\pipeline\pipeline.py ] at 
        try block line number: [55] and exception block line number: [58] 
        error message: [
        Error occured in script: 
        [ C:\Users\somit\Downloads\project_ineuron\practise_project_1\housing\component\data_transformation.py ] at 
        try block line number: [162] and exception block line number: [217] 
        error message: [
        Error occured in script: 
        [ C:\Users\somit\Downloads\project_ineuron\practise_project_1\housing\util\util.py ] at 
        try block line number: [78] and exception block line number: [85] 
        error message: [exceptions must derive from BaseException]
        ]
        ]
        ]
        
[2022-07-19 10:34:04,357]^;INFO^;220^;data_transformation.py^;__del__()^;>>>>>>>>>>>>>>>>>>>>>>>>>>>>>>>>>>>>>>>>>>>>>>>>>>>>>>>>>>>>Data Transformation log completed.<<<<<<<<<<<<<<<<<<<<<<<<<<<<<<<<<<<<<<<<<<<<<<<<<<<<<<<<<<<< 


