[2022-07-14 07:49:07,457]^;INFO^;114^;configuration.py^;get_training_pipeline_config()^;Training pipleine config: TrainingPipelineConfig(artifact_dir='C:\\Users\\somit\\Downloads\\project_ineuron\\practise_project_1\\housing\\artifact')
[2022-07-14 07:49:07,457]^;INFO^;65^;configuration.py^;get_data_ingestion_config()^;Data Ingestion config: DataIngestionConfig(dataset_download_url='https://raw.githubusercontent.com/ageron/handson-ml/master/datasets/housing/housing.tgz', tgz_download_dir='C:\\Users\\somit\\Downloads\\project_ineuron\\practise_project_1\\housing\\artifact\\data_ingestion\\2022-07-14-07-49-01\\tgz_data', raw_data_dir='C:\\Users\\somit\\Downloads\\project_ineuron\\practise_project_1\\housing\\artifact\\data_ingestion\\2022-07-14-07-49-01\\raw_data', ingested_train_dir='C:\\Users\\somit\\Downloads\\project_ineuron\\practise_project_1\\housing\\artifact\\data_ingestion\\2022-07-14-07-49-01\\ingested_data\\train', ingested_test_dir='C:\\Users\\somit\\Downloads\\project_ineuron\\practise_project_1\\housing\\artifact\\data_ingestion\\2022-07-14-07-49-01\\ingested_data\\test')
[2022-07-14 07:49:07,623]^;INFO^;17^;data_ingestion.py^;__init__()^;>>>>>>>>>>>>>>>>>>>>>>>>>>>>>>>>>>>>>>>>Data Ingestion log started.<<<<<<<<<<<<<<<<<<<<<<<<<<<<<<<<<<<<<<<< 
[2022-07-14 07:49:07,627]^;INFO^;38^;data_ingestion.py^;download_housing_data()^;Downloading file from :[https://raw.githubusercontent.com/ageron/handson-ml/master/datasets/housing/housing.tgz] into :[C:\Users\somit\Downloads\project_ineuron\practise_project_1\housing\artifact\data_ingestion\2022-07-14-07-49-01\tgz_data\housing.tgz]
[2022-07-14 07:49:09,918]^;INFO^;40^;data_ingestion.py^;download_housing_data()^;File :[C:\Users\somit\Downloads\project_ineuron\practise_project_1\housing\artifact\data_ingestion\2022-07-14-07-49-01\tgz_data\housing.tgz] has been downloaded successfully.
[2022-07-14 07:49:09,918]^;INFO^;54^;data_ingestion.py^;extract_tgz_file()^;Extracting tgz file: [C:\Users\somit\Downloads\project_ineuron\practise_project_1\housing\artifact\data_ingestion\2022-07-14-07-49-01\tgz_data\housing.tgz] into dir: [C:\Users\somit\Downloads\project_ineuron\practise_project_1\housing\artifact\data_ingestion\2022-07-14-07-49-01\raw_data]
[2022-07-14 07:49:09,936]^;INFO^;57^;data_ingestion.py^;extract_tgz_file()^;Extraction completed
[2022-07-14 07:49:09,936]^;INFO^;71^;data_ingestion.py^;split_data_as_train_test()^;Reading csv file: [C:\Users\somit\Downloads\project_ineuron\practise_project_1\housing\artifact\data_ingestion\2022-07-14-07-49-01\raw_data\housing.csv]
[2022-07-14 07:49:09,966]^;INFO^;81^;data_ingestion.py^;split_data_as_train_test()^;Splitting data into train and test
[2022-07-14 07:49:09,978]^;INFO^;99^;data_ingestion.py^;split_data_as_train_test()^;Exporting training datset to file: [C:\Users\somit\Downloads\project_ineuron\practise_project_1\housing\artifact\data_ingestion\2022-07-14-07-49-01\ingested_data\train\housing.csv]
[2022-07-14 07:49:10,125]^;INFO^;104^;data_ingestion.py^;split_data_as_train_test()^;Exporting test dataset to file: [C:\Users\somit\Downloads\project_ineuron\practise_project_1\housing\artifact\data_ingestion\2022-07-14-07-49-01\ingested_data\test\housing.csv]
[2022-07-14 07:49:10,161]^;INFO^;113^;data_ingestion.py^;split_data_as_train_test()^;Data Ingestion artifact:[DataIngestionArtifact(train_file_path='C:\\Users\\somit\\Downloads\\project_ineuron\\practise_project_1\\housing\\artifact\\data_ingestion\\2022-07-14-07-49-01\\ingested_data\\train\\housing.csv', test_file_path='C:\\Users\\somit\\Downloads\\project_ineuron\\practise_project_1\\housing\\artifact\\data_ingestion\\2022-07-14-07-49-01\\ingested_data\\test\\housing.csv', is_ingested=True, message='Data ingestion completed successfully.')]
[2022-07-14 07:49:10,162]^;INFO^;38^;data_ingestion.py^;download_housing_data()^;Downloading file from :[https://raw.githubusercontent.com/ageron/handson-ml/master/datasets/housing/housing.tgz] into :[C:\Users\somit\Downloads\project_ineuron\practise_project_1\housing\artifact\data_ingestion\2022-07-14-07-49-01\tgz_data\housing.tgz]
[2022-07-14 07:49:12,032]^;INFO^;40^;data_ingestion.py^;download_housing_data()^;File :[C:\Users\somit\Downloads\project_ineuron\practise_project_1\housing\artifact\data_ingestion\2022-07-14-07-49-01\tgz_data\housing.tgz] has been downloaded successfully.
[2022-07-14 07:49:12,034]^;INFO^;54^;data_ingestion.py^;extract_tgz_file()^;Extracting tgz file: [C:\Users\somit\Downloads\project_ineuron\practise_project_1\housing\artifact\data_ingestion\2022-07-14-07-49-01\tgz_data\housing.tgz] into dir: [C:\Users\somit\Downloads\project_ineuron\practise_project_1\housing\artifact\data_ingestion\2022-07-14-07-49-01\raw_data]
[2022-07-14 07:49:12,126]^;INFO^;57^;data_ingestion.py^;extract_tgz_file()^;Extraction completed
[2022-07-14 07:49:12,127]^;INFO^;71^;data_ingestion.py^;split_data_as_train_test()^;Reading csv file: [C:\Users\somit\Downloads\project_ineuron\practise_project_1\housing\artifact\data_ingestion\2022-07-14-07-49-01\raw_data\housing.csv]
[2022-07-14 07:49:12,155]^;INFO^;81^;data_ingestion.py^;split_data_as_train_test()^;Splitting data into train and test
[2022-07-14 07:49:12,166]^;INFO^;99^;data_ingestion.py^;split_data_as_train_test()^;Exporting training datset to file: [C:\Users\somit\Downloads\project_ineuron\practise_project_1\housing\artifact\data_ingestion\2022-07-14-07-49-01\ingested_data\train\housing.csv]
[2022-07-14 07:49:12,306]^;INFO^;104^;data_ingestion.py^;split_data_as_train_test()^;Exporting test dataset to file: [C:\Users\somit\Downloads\project_ineuron\practise_project_1\housing\artifact\data_ingestion\2022-07-14-07-49-01\ingested_data\test\housing.csv]
[2022-07-14 07:49:12,380]^;INFO^;113^;data_ingestion.py^;
split_data_as_train_test()^;Data Ingestion artifact:[DataIngestionArtifact(train_file_path=
'C:\\Users\\somit\\Downloads\\project_ineuron\\practise_project_1\\housing\\artifact\\data_ingestion\\2022-07-14-07-49-01\\ingested_data\\train\\housing.csv', test_file_path='C:\\Users\\somit\\Downloads\\project_ineuron\\practise_project_1\\housing\\artifact\\data_ingestion\\2022-07-14-07-49-01\\ingested_data\\test\\housing.csv', is_ingested=True, message='Data ingestion completed successfully.')]
[2022-07-14 07:49:12,380]^;INFO^;130^;data_ingestion.py^;__del__()^;>>>>>>>>>>>>>>>>>>>>>>>>>>>>>>>>>>>>>>>>Data Ingestion log completed.<<<<<<<<<<<<<<<<<<<<<<<<<<<<<<<<<<<<<<<< 


[2022-07-14 07:49:12,381]^;INFO^;20^;data_validation.py^;__init__()^;>>>>>>>>>>>>>>>>>>>>>>>>>>>>>>>>>>>>>>>>>>>>>>>>>>>>>>>>>>>>Data Valdaition log started.<<<<<<<<<<<<<<<<<<<<<<<<<<<<<<<<<<<<<<<<<<<<<<<<<<<<<<<<<<<< 


[2022-07-14 07:49:12,381]^;INFO^;38^;data_validation.py^;is_train_test_file_exists()^;
Checking if training and test file is available
[2022-07-14 07:49:12,381]^;INFO^;50^;data_validation.py^;
is_train_test_file_exists()^;Is train and test file exists?-[2022-07-14 07:54:12,320]^;INFO^;139^;data_validation.py^;initiate_data_validation()^;Data validation artifact: DataValidationArtifact(schema_file_path='C:\\Users\\somit\\Downloads\\project_ineuron\\practise_project_1\\config\\schema.yaml', report_file_path='C:\\Users\\somit\\Downloads\\project_ineuron\\practise_project_1\\housing\\artifact\\data_validation\\2022-07-14-07-49-01\\report.json', report_page_file_path='C:\\Users\\somit\\Downloads\\project_ineuron\\practise_project_1\\housing\\artifact\\data_validation\\2022-07-14-07-49-01\\report.html', is_validated=True, message='Data Validation performed successully.')
[2022-07-14 07:54:12,320]^;INFO^;146^;data_validation.py^;__del__
()^;>>>>>>>>>>>>>>>>>>>>>>>>>>>>>>>>>>>>>>>>>>>>>>>>>>>>>>>>>>>>Data Valdaition log completed.<<<<<<<<<<<<<<<<<<<<<<<<<<<<<<<<<<<<<<<<<<<<<<<<<<<<<<<<<<<< 


