[2022-07-28 09:06:55,452]^;INFO^;196^;configuration.py^;get_training_pipeline_config()^;Training pipleine config: TrainingPipelineConfig(artifact_dir='C:\\Users\\somit\\Downloads\\project_ineuron\\practise_project_1\\housing\\artifact')
[2022-07-28 09:06:55,453]^;INFO^;65^;configuration.py^;get_data_ingestion_config()^;Data Ingestion config: DataIngestionConfig(dataset_download_url='https://raw.githubusercontent.com/ageron/handson-ml/master/datasets/housing/housing.tgz', tgz_download_dir='C:\\Users\\somit\\Downloads\\project_ineuron\\practise_project_1\\housing\\artifact\\data_ingestion\\2022-07-28-09-06-53\\tgz_data', raw_data_dir='C:\\Users\\somit\\Downloads\\project_ineuron\\practise_project_1\\housing\\artifact\\data_ingestion\\2022-07-28-09-06-53\\raw_data', ingested_train_dir='C:\\Users\\somit\\Downloads\\project_ineuron\\practise_project_1\\housing\\artifact\\data_ingestion\\2022-07-28-09-06-53\\ingested_data\\train', ingested_test_dir='C:\\Users\\somit\\Downloads\\project_ineuron\\practise_project_1\\housing\\artifact\\data_ingestion\\2022-07-28-09-06-53\\ingested_data\\test')
[2022-07-28 09:06:55,453]^;INFO^;17^;data_ingestion.py^;__init__()^;>>>>>>>>>>>>>>>>>>>>>>>>>>>>>>>>>>>>>>>>Data Ingestion log started.<<<<<<<<<<<<<<<<<<<<<<<<<<<<<<<<<<<<<<<< 
[2022-07-28 09:06:55,455]^;INFO^;38^;data_ingestion.py^;download_housing_data()^;Downloading file from :[https://raw.githubusercontent.com/ageron/handson-ml/master/datasets/housing/housing.tgz] into :[C:\Users\somit\Downloads\project_ineuron\practise_project_1\housing\artifact\data_ingestion\2022-07-28-09-06-53\tgz_data\housing.tgz]
[2022-07-28 09:06:55,909]^;ERROR^;25^;demo.py^;main()^;
        Error occured in script: 
        [ C:\Users\somit\Downloads\project_ineuron\practise_project_1\housing\pipeline\pipeline.py ] at 
        try block line number: [103] and exception block line number: [108] 
        error message: [
        Error occured in script: 
        [ C:\Users\somit\Downloads\project_ineuron\practise_project_1\housing\pipeline\pipeline.py ] at 
        try block line number: [32] and exception block line number: [35] 
        error message: [
        Error occured in script: 
        [ C:\Users\somit\Downloads\project_ineuron\practise_project_1\housing\component\data_ingestion.py ] at 
        try block line number: [121] and exception block line number: [125] 
        error message: [
        Error occured in script: 
        [ C:\Users\somit\Downloads\project_ineuron\practise_project_1\housing\component\data_ingestion.py ] at 
        try block line number: [39] and exception block line number: [44] 
        error message: [<urlopen error [Errno 11001] getaddrinfo failed>]
        ]
        ]
        ]
        
[2022-07-28 09:06:55,919]^;INFO^;130^;data_ingestion.py^;__del__()^;>>>>>>>>>>>>>>>>>>>>>>>>>>>>>>>>>>>>>>>>Data Ingestion log completed.<<<<<<<<<<<<<<<<<<<<<<<<<<<<<<<<<<<<<<<< 


