[2022-07-14 07:22:37,681]^;INFO^;114^;configuration.py^;get_training_pipeline_config()^;Training pipleine config: TrainingPipelineConfig(artifact_dir='C:\\Users\\somit\\Downloads\\project_ineuron\\practise_project_1\\housing\\artifact')
[2022-07-14 07:22:37,681]^;INFO^;65^;configuration.py^;get_data_ingestion_config()^;Data Ingestion config: DataIngestionConfig(dataset_download_url='https://raw.githubusercontent.com/ageron/handson-ml/master/datasets/housing/housing.tgz', tgz_download_dir='C:\\Users\\somit\\Downloads\\project_ineuron\\practise_project_1\\housing\\artifact\\data_ingestion\\2022-07-14-07-22-35\\tgz_data', raw_data_dir='C:\\Users\\somit\\Downloads\\project_ineuron\\practise_project_1\\housing\\artifact\\data_ingestion\\2022-07-14-07-22-35\\raw_data', ingested_train_dir='C:\\Users\\somit\\Downloads\\project_ineuron\\practise_project_1\\housing\\artifact\\data_ingestion\\2022-07-14-07-22-35\\ingested_data\\train', ingested_test_dir='C:\\Users\\somit\\Downloads\\project_ineuron\\practise_project_1\\housing\\artifact\\data_ingestion\\2022-07-14-07-22-35\\ingested_data\\test')
[2022-07-14 07:22:37,682]^;INFO^;17^;data_ingestion.py^;__init__()^;>>>>>>>>>>>>>>>>>>>>>>>>>>>>>>>>>>>>>>>>Data Ingestion log started.<<<<<<<<<<<<<<<<<<<<<<<<<<<<<<<<<<<<<<<< 
[2022-07-14 07:22:37,682]^;INFO^;38^;data_ingestion.py^;download_housing_data()^;Downloading file from :[https://raw.githubusercontent.com/ageron/handson-ml/master/datasets/housing/housing.tgz] into :[C:\Users\somit\Downloads\project_ineuron\practise_project_1\housing\artifact\data_ingestion\2022-07-14-07-22-35\tgz_data\housing.tgz]
[2022-07-14 07:22:39,629]^;INFO^;40^;data_ingestion.py^;download_housing_data()^;File :[C:\Users\somit\Downloads\project_ineuron\practise_project_1\housing\artifact\data_ingestion\2022-07-14-07-22-35\tgz_data\housing.tgz] has been downloaded successfully.
[2022-07-14 07:22:39,630]^;INFO^;55^;data_ingestion.py^;extract_tgz_file()^;Extracting tgz file: [C:\Users\somit\Downloads\project_ineuron\practise_project_1\housing\artifact\data_ingestion\2022-07-14-07-22-35\tgz_data\housing.tgz] into dir: [C:\Users\somit\Downloads\project_ineuron\practise_project_1\housing\artifact\data_ingestion\2022-07-14-07-22-35\raw_data]
[2022-07-14 07:22:39,671]^;INFO^;58^;data_ingestion.py^;extract_tgz_file()^;Extraction completed
[2022-07-14 07:22:39,673]^;INFO^;72^;data_ingestion.py^;split_data_as_train_test()^;Reading csv file: [C:\Users\somit\Downloads\project_ineuron\practise_project_1\housing\artifact\data_ingestion\2022-07-14-07-22-35\raw_data\housing.csv]
[2022-07-14 07:22:39,704]^;INFO^;82^;data_ingestion.py^;split_data_as_train_test()^;Splitting data into train and test
[2022-07-14 07:22:39,766]^;INFO^;100^;data_ingestion.py^;split_data_as_train_test()^;Exporting training datset to file: [C:\Users\somit\Downloads\project_ineuron\practise_project_1\housing\artifact\data_ingestion\2022-07-14-07-22-35\ingested_data\train\housing.csv]
[2022-07-14 07:22:39,998]^;INFO^;105^;data_ingestion.py^;split_data_as_train_test()^;Exporting test dataset to file: [C:\Users\somit\Downloads\project_ineuron\practise_project_1\housing\artifact\data_ingestion\2022-07-14-07-22-35\ingested_data\test\housing.csv]
[2022-07-14 07:22:40,048]^;INFO^;114^;data_ingestion.py^;split_data_as_train_test()^;Data Ingestion artifact:[DataIngestionArtifact(train_file_path='C:\\Users\\somit\\Downloads\\project_ineuron\\practise_project_1\\housing\\artifact\\data_ingestion\\2022-07-14-07-22-35\\ingested_data\\train\\housing.csv', test_file_path='C:\\Users\\somit\\Downloads\\project_ineuron\\practise_project_1\\housing\\artifact\\data_ingestion\\2022-07-14-07-22-35\\ingested_data\\test\\housing.csv', is_ingested=True, message='Data ingestion completed successfully.')]
[2022-07-14 07:22:40,049]^;INFO^;38^;data_ingestion.py^;download_housing_data()^;Downloading file from :[https://raw.githubusercontent.com/ageron/handson-ml/master/datasets/housing/housing.tgz] into :[C:\Users\somit\Downloads\project_ineuron\practise_project_1\housing\artifact\data_ingestion\2022-07-14-07-22-35\tgz_data\housing.tgz]
[2022-07-14 07:22:41,870]^;INFO^;40^;data_ingestion.py^;download_housing_data()^;File :[C:\Users\somit\Downloads\project_ineuron\practise_project_1\housing\artifact\data_ingestion\2022-07-14-07-22-35\tgz_data\housing.tgz] has been downloaded successfully.
[2022-07-14 07:22:41,871]^;ERROR^;25^;demo.py^;main()^;
        Error occured in script: 
        [ C:\Users\somit\Downloads\project_ineuron\practise_project_1\housing\pipeline\pipeline.py ] at 
        try block line number: [52] and exception block line number: [56] 
        error message: [
        Error occured in script: 
        [ C:\Users\somit\Downloads\project_ineuron\practise_project_1\housing\pipeline\pipeline.py ] at 
        try block line number: [29] and exception block line number: [31] 
        error message: [
        Error occured in script: 
        [ C:\Users\somit\Downloads\project_ineuron\practise_project_1\housing\component\data_ingestion.py ] at 
        try block line number: [123] and exception block line number: [126] 
        error message: [
        Error occured in script: 
        [ C:\Users\somit\Downloads\project_ineuron\practise_project_1\housing\component\data_ingestion.py ] at 
        try block line number: [51] and exception block line number: [61] 
        error message: [[WinError 5] Access is denied: 'C:\\Users\\somit\\Downloads\\project_ineuron\\practise_project_1\\housing\\artifact\\data_ingestion\\2022-07-14-07-22-35\\raw_data']
        ]
        ]
        ]
        
[2022-07-14 07:22:41,875]^;INFO^;131^;data_ingestion.py^;__del__()^;>>>>>>>>>>>>>>>>>>>>>>>>>>>>>>>>>>>>>>>>Data Ingestion log completed.<<<<<<<<<<<<<<<<<<<<<<<<<<<<<<<<<<<<<<<< 


